# JRE version: 7.0_09-b05
# Java VM: Java HotSpot(TM) 64-Bit Server VM (23.5-b02 mixed mode bsd-amd64 compressed oops)
Heap
 def new generation   total 4032K, used 3544K [0x0000000114490000, 0x00000001148e0000, 0x0000000115b30000)
  eden space 3648K,  97% used [0x0000000114490000, 0x0000000114805fd8, 0x0000000114820000)
  from space 384K,   0% used [0x0000000114880000, 0x0000000114880098, 0x00000001148e0000)
  to   space 384K,   0% used [0x0000000114820000, 0x0000000114820000, 0x0000000114880000)
 tenured generation   total 14968K, used 14627K [0x0000000115b30000, 0x00000001169ce000, 0x0000000118890000)
   the space 14968K,  97% used [0x0000000115b30000, 0x0000000116978c08, 0x0000000116978e00, 0x00000001169ce000)
 compacting perm gen  total 21248K, used 10151K [0x0000000118890000, 0x0000000119d50000, 0x000000011da90000)
   the space 21248K,  47% used [0x0000000118890000, 0x0000000119279cd0, 0x0000000119279e00, 0x0000000119d50000)
GC Heap History (10 events):
Event: 452.674 GC heap before
{Heap before GC invocations=727 (full 1):
 def new generation   total 4032K, used 3648K [0x0000000114490000, 0x00000001148e0000, 0x0000000115b30000)
  eden space 3648K, 100% used [0x0000000114490000, 0x0000000114820000, 0x0000000114820000)
  from space 384K,   0% used [0x0000000114820000, 0x0000000114820098, 0x0000000114880000)
  to   space 384K,   0% used [0x0000000114880000, 0x0000000114880000, 0x00000001148e0000)
 tenured generation   total 14968K, used 14627K [0x0000000115b30000, 0x00000001169ce000, 0x0000000118890000)
   the space 14968K,  97% used [0x0000000115b30000, 0x0000000116978c08, 0x0000000116978e00, 0x00000001169ce000)
 compacting perm gen  total 21248K, used 10125K [0x0000000118890000, 0x0000000119d50000, 0x000000011da90000)
   the space 21248K,  47% used [0x0000000118890000, 0x0000000119273608, 0x0000000119273800, 0x0000000119d50000)
No shared spaces configured.
Event: 452.675 GC heap after
Heap after GC invocations=728 (full 1):
 def new generation   total 4032K, used 0K [0x0000000114490000, 0x00000001148e0000, 0x0000000115b30000)
  eden space 3648K,   0% used [0x0000000114490000, 0x0000000114490000, 0x0000000114820000)
  from space 384K,   0% used [0x0000000114880000, 0x0000000114880098, 0x00000001148e0000)
  to   space 384K,   0% used [0x0000000114820000, 0x0000000114820000, 0x0000000114880000)
 tenured generation   total 14968K, used 14627K [0x0000000115b30000, 0x00000001169ce000, 0x0000000118890000)
   the space 14968K,  97% used [0x0000000115b30000, 0x0000000116978c08, 0x0000000116978e00, 0x00000001169ce000)
 compacting perm gen  total 21248K, used 10125K [0x0000000118890000, 0x0000000119d50000, 0x000000011da90000)
   the space 21248K,  47% used [0x0000000118890000, 0x0000000119273608, 0x0000000119273800, 0x0000000119d50000)
No shared spaces configured.
}
Event: 453.771 GC heap before
{Heap before GC invocations=728 (full 1):
 def new generation   total 4032K, used 3648K [0x0000000114490000, 0x00000001148e0000, 0x0000000115b30000)
  eden space 3648K, 100% used [0x0000000114490000, 0x0000000114820000, 0x0000000114820000)
  from space 384K,   0% used [0x0000000114880000, 0x0000000114880098, 0x00000001148e0000)
  to   space 384K,   0% used [0x0000000114820000, 0x0000000114820000, 0x0000000114880000)
 tenured generation   total 14968K, used 14627K [0x0000000115b30000, 0x00000001169ce000, 0x0000000118890000)
   the space 14968K,  97% used [0x0000000115b30000, 0x0000000116978c08, 0x0000000116978e00, 0x00000001169ce000)
 compacting perm gen  total 21248K, used 10125K [0x0000000118890000, 0x0000000119d50000, 0x000000011da90000)
   the space 21248K,  47% used [0x0000000118890000, 0x0000000119273608, 0x0000000119273800, 0x0000000119d50000)
No shared spaces configured.
Event: 453.772 GC heap after
Heap after GC invocations=729 (full 1):
 def new generation   total 4032K, used 0K [0x0000000114490000, 0x00000001148e0000, 0x0000000115b30000)
  eden space 3648K,   0% used [0x0000000114490000, 0x0000000114490000, 0x0000000114820000)
  from space 384K,   0% used [0x0000000114820000, 0x0000000114820098, 0x0000000114880000)
  to   space 384K,   0% used [0x0000000114880000, 0x0000000114880000, 0x00000001148e0000)
 tenured generation   total 14968K, used 14627K [0x0000000115b30000, 0x00000001169ce000, 0x0000000118890000)
   the space 14968K,  97% used [0x0000000115b30000, 0x0000000116978c08, 0x0000000116978e00, 0x00000001169ce000)
 compacting perm gen  total 21248K, used 10125K [0x0000000118890000, 0x0000000119d50000, 0x000000011da90000)
   the space 21248K,  47% used [0x0000000118890000, 0x0000000119273608, 0x0000000119273800, 0x0000000119d50000)
No shared spaces configured.
}
Event: 454.957 GC heap before
{Heap before GC invocations=729 (full 1):
 def new generation   total 4032K, used 3648K [0x0000000114490000, 0x00000001148e0000, 0x0000000115b30000)
  eden space 3648K, 100% used [0x0000000114490000, 0x0000000114820000, 0x0000000114820000)
  from space 384K,   0% used [0x0000000114820000, 0x0000000114820098, 0x0000000114880000)
  to   space 384K,   0% used [0x0000000114880000, 0x0000000114880000, 0x00000001148e0000)
 tenured generation   total 14968K, used 14627K [0x0000000115b30000, 0x00000001169ce000, 0x0000000118890000)
   the space 14968K,  97% used [0x0000000115b30000, 0x0000000116978c08, 0x0000000116978e00, 0x00000001169ce000)
 compacting perm gen  total 21248K, used 10125K [0x0000000118890000, 0x0000000119d50000, 0x000000011da90000)
   the space 21248K,  47% used [0x0000000118890000, 0x0000000119273608, 0x0000000119273800, 0x0000000119d50000)
No shared spaces configured.
Event: 454.958 GC heap after
Heap after GC invocations=730 (full 1):
 def new generation   total 4032K, used 0K [0x0000000114490000, 0x00000001148e0000, 0x0000000115b30000)
  eden space 3648K,   0% used [0x0000000114490000, 0x0000000114490000, 0x0000000114820000)
  from space 384K,   0% used [0x0000000114880000, 0x0000000114880098, 0x00000001148e0000)
  to   space 384K,   0% used [0x0000000114820000, 0x0000000114820000, 0x0000000114880000)
 tenured generation   total 14968K, used 14627K [0x0000000115b30000, 0x00000001169ce000, 0x0000000118890000)
   the space 14968K,  97% used [0x0000000115b30000, 0x0000000116978c08, 0x0000000116978e00, 0x00000001169ce000)
 compacting perm gen  total 21248K, used 10125K [0x0000000118890000, 0x0000000119d50000, 0x000000011da90000)
   the space 21248K,  47% used [0x0000000118890000, 0x0000000119273608, 0x0000000119273800, 0x0000000119d50000)
No shared spaces configured.
}
Event: 455.504 GC heap before
{Heap before GC invocations=730 (full 1):
 def new generation   total 4032K, used 3648K [0x0000000114490000, 0x00000001148e0000, 0x0000000115b30000)
  eden space 3648K, 100% used [0x0000000114490000, 0x0000000114820000, 0x0000000114820000)
  from space 384K,   0% used [0x0000000114880000, 0x0000000114880098, 0x00000001148e0000)
  to   space 384K,   0% used [0x0000000114820000, 0x0000000114820000, 0x0000000114880000)
 tenured generation   total 14968K, used 14627K [0x0000000115b30000, 0x00000001169ce000, 0x0000000118890000)
   the space 14968K,  97% used [0x0000000115b30000, 0x0000000116978c08, 0x0000000116978e00, 0x00000001169ce000)
 compacting perm gen  total 21248K, used 10125K [0x0000000118890000, 0x0000000119d50000, 0x000000011da90000)
   the space 21248K,  47% used [0x0000000118890000, 0x0000000119273608, 0x0000000119273800, 0x0000000119d50000)
No shared spaces configured.
Event: 455.505 GC heap after
Heap after GC invocations=731 (full 1):
 def new generation   total 4032K, used 0K [0x0000000114490000, 0x00000001148e0000, 0x0000000115b30000)
  eden space 3648K,   0% used [0x0000000114490000, 0x0000000114490000, 0x0000000114820000)
  from space 384K,   0% used [0x0000000114820000, 0x0000000114820098, 0x0000000114880000)
  to   space 384K,   0% used [0x0000000114880000, 0x0000000114880000, 0x00000001148e0000)
 tenured generation   total 14968K, used 14627K [0x0000000115b30000, 0x00000001169ce000, 0x0000000118890000)
   the space 14968K,  97% used [0x0000000115b30000, 0x0000000116978c08, 0x0000000116978e00, 0x00000001169ce000)
 compacting perm gen  total 21248K, used 10125K [0x0000000118890000, 0x0000000119d50000, 0x000000011da90000)
   the space 21248K,  47% used [0x0000000118890000, 0x0000000119273608, 0x0000000119273800, 0x0000000119d50000)
No shared spaces configured.
}
Event: 456.031 GC heap before
{Heap before GC invocations=731 (full 1):
 def new generation   total 4032K, used 3648K [0x0000000114490000, 0x00000001148e0000, 0x0000000115b30000)
  eden space 3648K, 100% used [0x0000000114490000, 0x0000000114820000, 0x0000000114820000)
  from space 384K,   0% used [0x0000000114820000, 0x0000000114820098, 0x0000000114880000)
  to   space 384K,   0% used [0x0000000114880000, 0x0000000114880000, 0x00000001148e0000)
 tenured generation   total 14968K, used 14627K [0x0000000115b30000, 0x00000001169ce000, 0x0000000118890000)
   the space 14968K,  97% used [0x0000000115b30000, 0x0000000116978c08, 0x0000000116978e00, 0x00000001169ce000)
 compacting perm gen  total 21248K, used 10125K [0x0000000118890000, 0x0000000119d50000, 0x000000011da90000)
   the space 21248K,  47% used [0x0000000118890000, 0x0000000119273608, 0x0000000119273800, 0x0000000119d50000)
No shared spaces configured.
Event: 456.032 GC heap after
Heap after GC invocations=732 (full 1):
 def new generation   total 4032K, used 0K [0x0000000114490000, 0x00000001148e0000, 0x0000000115b30000)
  eden space 3648K,   0% used [0x0000000114490000, 0x0000000114490000, 0x0000000114820000)
  from space 384K,   0% used [0x0000000114880000, 0x0000000114880098, 0x00000001148e0000)
  to   space 384K,   0% used [0x0000000114820000, 0x0000000114820000, 0x0000000114880000)
 tenured generation   total 14968K, used 14627K [0x0000000115b30000, 0x00000001169ce000, 0x0000000118890000)
   the space 14968K,  97% used [0x0000000115b30000, 0x0000000116978c08, 0x0000000116978e00, 0x00000001169ce000)
 compacting perm gen  total 21248K, used 10125K [0x0000000118890000, 0x0000000119d50000, 0x000000011da90000)
   the space 21248K,  47% used [0x0000000118890000, 0x0000000119273608, 0x0000000119273800, 0x0000000119d50000)
No shared spaces configured.
}

